{"C:\\Users\\CORE i5 6500\\Desktop\\BOURA\\Estudos DEV\\JavaScript\\js_tests\\index.js": {"path":"C:\\Users\\CORE i5 6500\\Desktop\\BOURA\\Estudos DEV\\JavaScript\\js_tests\\index.js","statementMap":{"0":{"start":{"line":1,"column":24},"end":{"line":1,"column":81}},"1":{"start":{"line":1,"column":55},"end":{"line":1,"column":81}},"2":{"start":{"line":3,"column":25},"end":{"line":3,"column":68}},"3":{"start":{"line":3,"column":49},"end":{"line":3,"column":68}}},"fnMap":{"0":{"name":"(anonymous_0)","decl":{"start":{"line":1,"column":24},"end":{"line":1,"column":25}},"loc":{"start":{"line":1,"column":55},"end":{"line":1,"column":81}},"line":1},"1":{"name":"(anonymous_1)","decl":{"start":{"line":3,"column":25},"end":{"line":3,"column":26}},"loc":{"start":{"line":3,"column":49},"end":{"line":3,"column":68}},"line":3}},"branchMap":{},"s":{"0":1,"1":1,"2":1,"3":1},"f":{"0":1,"1":1},"b":{},"_coverageSchema":"1a1c01bbd47fc00a2c39e90264f33305004495a9","hash":"d8527bec4b6a9f8f4778d019c4bc292dfea79196"}
}
